\BOOKMARK [0][-]{chapter*.2}{List\040of\040abbreviations}{}% 1
\BOOKMARK [0][-]{chapter.1}{General\040introduction}{}% 2
\BOOKMARK [1][-]{section.1.1}{Are\040parasites\040a\040selective\040force\040in\040the\040European\040house\040mouse\040hybrid\040zone?}{chapter.1}% 3
\BOOKMARK [2][-]{subsection.1.1.1}{Hybrids\040are\040not\040an\040average\040of\040their\040parents}{section.1.1}% 4
\BOOKMARK [2][-]{subsection.1.1.2}{The\040European\040house\040mouse\040hybrid\040zone,\040a\040tension\040zone}{section.1.1}% 5
\BOOKMARK [2][-]{subsection.1.1.3}{Parasites as hosts’ selective factor}{section.1.1}% 6
\BOOKMARK [1][-]{section.1.2}{Host\040immune\040defenses\040against\040parasites}{chapter.1}% 7
\BOOKMARK [2][-]{subsection.1.2.1}{Resistance\040and\040tolerance}{section.1.2}% 8
\BOOKMARK [2][-]{subsection.1.2.2}{Immune\040defenses\040are\040costly}{section.1.2}% 9
\BOOKMARK [1][-]{section.1.3}{Our\040parasite\040model:\040Eimeria\040spp.}{chapter.1}% 10
\BOOKMARK [2][-]{subsection.1.3.1}{Eimeria\040spp.\040trigger\040a\040Th1\040immune\040response}{section.1.3}% 11
\BOOKMARK [2][-]{subsection.1.3.2}{Focus\040on\040two\040Eimeria\040species:\040E.\040falciformis\040and\040E.\040ferrisi}{section.1.3}% 12
\BOOKMARK [2][-]{subsection.1.3.3}{Proxies\040for\040resistance\040and\040tolerance\040to\040Eimeria\040spp.}{section.1.3}% 13
\BOOKMARK [1][-]{section.1.4}{Aims\040of\040this\040thesis}{chapter.1}% 14
\BOOKMARK [0][-]{chapter.2}{Intensity\040of\040infection\040with\040intracellular\040Eimeria\040spp.\040and\040pinworms\040is\040reduced\040in\040hybrid\040mice\040compared\040to\040parental\040subspecies}{}% 15
\BOOKMARK [1][-]{section.2.1}{Abstract}{chapter.2}% 16
\BOOKMARK [1][-]{section.2.2}{Introduction}{chapter.2}% 17
\BOOKMARK [1][-]{section.2.3}{Material\040&\040Methods}{chapter.2}% 18
\BOOKMARK [2][-]{subsection.2.3.1}{Sampling}{section.2.3}% 19
\BOOKMARK [2][-]{subsection.2.3.2}{Host\040genotyping}{section.2.3}% 20
\BOOKMARK [2][-]{subsection.2.3.3}{Parasite\040load\040estimation}{section.2.3}% 21
\BOOKMARK [2][-]{subsection.2.3.4}{General\040parasite\040assessment}{section.2.3}% 22
\BOOKMARK [2][-]{subsection.2.3.5}{Statistical\040design:\040testing\040hybrid\040resistance/susceptibility\040in\040a\040natural\040system}{section.2.3}% 23
\BOOKMARK [2][-]{subsection.2.3.6}{Statistical\040prediction\040of\040probability\040of\040infection\040by\040parasites\040along\040the\040hybrid\040zone}{section.2.3}% 24
\BOOKMARK [2][-]{subsection.2.3.7}{Statistical\040test\040for\040different\040mortality\040of\040hybrids}{section.2.3}% 25
\BOOKMARK [2][-]{subsection.2.3.8}{Statistical\040test\040of\040the\040host\040hybridization\040effect\040on\040parasite\040intensity}{section.2.3}% 26
\BOOKMARK [2][-]{subsection.2.3.9}{Test\040of\040body\040condition\040differences\040between\040infected\040and\040non-infected\040mice\040across\040the\040hybrid\040zone}{section.2.3}% 27
\BOOKMARK [1][-]{section.2.4}{Results}{chapter.2}% 28
\BOOKMARK [2][-]{subsection.2.4.1}{Host\040genotyping\040and\040characterization\040of\040the\040HMHZ\040for\040a\040novel\040transect}{section.2.4}% 29
\BOOKMARK [2][-]{subsection.2.4.2}{Parasite\040prevalence\040and\040intensity}{section.2.4}% 30
\BOOKMARK [2][-]{subsection.2.4.3}{Similar\040prevalence\040of\040parasites\040across\040the\040zone}{section.2.4}% 31
\BOOKMARK [2][-]{subsection.2.4.4}{No\040evidence\040of\040hyper-\040or\040under-mortality\040of\040hybrids\040compared\040to\040parents}{section.2.4}% 32
\BOOKMARK [2][-]{subsection.2.4.5}{Eimeria\040spp.\040load\040is\040lower\040in\040infected\040hybrid\040vs\040pure\040Mmm\040and\040Mmd\040mice}{section.2.4}% 33
\BOOKMARK [2][-]{subsection.2.4.6}{Pinworm\040load\040is\040lower\040in\040infected\040hybrid\040vs.\040pure\040Mmm\040and\040Mmd\040mice}{section.2.4}% 34
\BOOKMARK [2][-]{subsection.2.4.7}{Comparison\040of\040pinworms\040loads\040with\040previous\040reports}{section.2.4}% 35
\BOOKMARK [2][-]{subsection.2.4.8}{No\040evidence\040of\040body\040condition\040differences\040between\040infected\040and\040non-infected\040mice\040along\040the\040hybrid\040zone}{section.2.4}% 36
\BOOKMARK [1][-]{section.2.5}{Discussion}{chapter.2}% 37
\BOOKMARK [0][-]{chapter.3}{Coupling\040between\040tolerance\040and\040resistance\040differs\040between\040related\040Eimeria\040parasite\040species:\040implications\040for\040coevolution\040with\040their\040mouse\040hosts}{}% 38
\BOOKMARK [1][-]{section.3.1}{Abstract}{chapter.3}% 39
\BOOKMARK [1][-]{section.3.2}{Introduction}{chapter.3}% 40
\BOOKMARK [1][-]{section.3.3}{Material\040&\040methods}{chapter.3}% 41
\BOOKMARK [2][-]{subsection.3.3.1}{Parasite\040isolates}{section.3.3}% 42
\BOOKMARK [2][-]{subsection.3.3.2}{Mouse\040groups}{section.3.3}% 43
\BOOKMARK [2][-]{subsection.3.3.3}{Experimental\040infection}{section.3.3}% 44
\BOOKMARK [2][-]{subsection.3.3.4}{Statistical\040analyses}{section.3.3}% 45
\BOOKMARK [1][-]{section.3.4}{Results}{chapter.3}% 46
\BOOKMARK [2][-]{subsection.3.4.1}{General}{section.3.4}% 47
\BOOKMARK [2][-]{subsection.3.4.2}{No\040indication\040of\040local\040adaptation\040of\040E.\040ferrisi}{section.3.4}% 48
\BOOKMARK [2][-]{subsection.3.4.3}{Resistance\040and\040tolerance\040to\040E.\040ferrisi\040isolate\040Brandenburg64\040are\040uncoupled}{section.3.4}% 49
\BOOKMARK [2][-]{subsection.3.4.4}{Coupling\040between\040resistance\040and\040tolerance\040to\040E.\040falciformis}{section.3.4}% 50
\BOOKMARK [1][-]{section.3.5}{Discussion}{chapter.3}% 51
\BOOKMARK [0][-]{chapter.4}{General\040discussion}{}% 52
\BOOKMARK [1][-]{section.4.1}{Summary\040of\040the\040studies}{chapter.4}% 53
\BOOKMARK [1][-]{section.4.2}{Discrepancies\040between\040studies\040on\040hybrid\040resistance\040or\040susceptibility\040to\040parasites\040in\040the\040HMHZ\040are\040likely\040explained\040by\040methodological\040issues}{chapter.4}% 54
\BOOKMARK [1][-]{section.4.3}{Studies\040of\040parasite\040selective\040pressure\040on\040their\040hosts\040require\040a\040switch\040of\040focus\040from\040resistance\040to\040tolerance}{chapter.4}% 55
\BOOKMARK [1][-]{section.4.4}{Conclusion\040and\040perspective}{chapter.4}% 56
\BOOKMARK [0][-]{chapter*.24}{Summary}{}% 57
\BOOKMARK [0][-]{chapter*.25}{Zusammenfassung}{}% 58
\BOOKMARK [0][-]{chapter*.26}{References}{}% 59
\BOOKMARK [0][-]{chapter*.27}{Supplementary\040figures}{}% 60
\BOOKMARK [0][-]{chapter*.40}{List\040of\040publications}{}% 61
\BOOKMARK [0][-]{chapter*.41}{Acknowledgements}{}% 62
\BOOKMARK [0][-]{chapter*.41}{Funding\040source}{}% 63
\BOOKMARK [0][-]{chapter*.41}{Interessenskonflikte}{}% 64
\BOOKMARK [0][-]{chapter*.41}{Selbstständigkeitserklärung}{}% 65
